# JRE version: OpenJDK Runtime Environment (8.0_242-b01) (build 1.8.0_242-release-1644-b01)
# Java VM: OpenJDK 64-Bit Server VM (25.242-b01 mixed mode windows-amd64 compressed oops)
Heap:
 PSYoungGen      total 380928K, used 316453K [0x00000000e0000000, 0x0000000100000000, 0x0000000100000000)
  eden space 237568K, 72% used [0x00000000e0000000,0x00000000ea90d250,0x00000000ee800000)
  from space 143360K, 99% used [0x00000000ee800000,0x00000000f73fc498,0x00000000f7400000)
  to   space 143360K, 0% used [0x00000000f7400000,0x00000000f7400000,0x0000000100000000)
 ParOldGen       total 361472K, used 165898K [0x00000000a0000000, 0x00000000b6100000, 0x00000000e0000000)
  object space 361472K, 45% used [0x00000000a0000000,0x00000000aa202b40,0x00000000b6100000)
 Metaspace       used 98881K, capacity 102496K, committed 103936K, reserved 1138688K
  class space    used 12798K, capacity 13494K, committed 13824K, reserved 1048576K
GC Heap History (10 events):
Event: 4672.499 GC heap before
{Heap before GC invocations=41 (full 5):
 PSYoungGen      total 421888K, used 327572K [0x00000000e0000000, 0x0000000100000000, 0x0000000100000000)
  eden space 326144K, 77% used [0x00000000e0000000,0x00000000ef77f170,0x00000000f3e80000)
  from space 95744K, 77% used [0x00000000f3e80000,0x00000000f86e5f98,0x00000000f9c00000)
  to   space 101376K, 0% used [0x00000000f9d00000,0x00000000f9d00000,0x0000000100000000)
 ParOldGen       total 361472K, used 222401K [0x00000000a0000000, 0x00000000b6100000, 0x00000000e0000000)
  object space 361472K, 61% used [0x00000000a0000000,0x00000000ad930608,0x00000000b6100000)
 Metaspace       used 94455K, capacity 98682K, committed 98816K, reserved 1134592K
  class space    used 12366K, capacity 13268K, committed 13312K, reserved 1048576K
Event: 4672.887 GC heap after
Heap after GC invocations=41 (full 5):
 PSYoungGen      total 420864K, used 66305K [0x00000000e0000000, 0x0000000100000000, 0x0000000100000000)
  eden space 319488K, 0% used [0x00000000e0000000,0x00000000e0000000,0x00000000f3800000)
  from space 101376K, 65% used [0x00000000f9d00000,0x00000000fddc0638,0x0000000100000000)
  to   space 102400K, 0% used [0x00000000f3800000,0x00000000f3800000,0x00000000f9c00000)
 ParOldGen       total 361472K, used 222409K [0x00000000a0000000, 0x00000000b6100000, 0x00000000e0000000)
  object space 361472K, 61% used [0x00000000a0000000,0x00000000ad932608,0x00000000b6100000)
 Metaspace       used 94455K, capacity 98682K, committed 98816K, reserved 1134592K
  class space    used 12366K, capacity 13268K, committed 13312K, reserved 1048576K
}
Event: 4672.887 GC heap before
{Heap before GC invocations=42 (full 6):
 PSYoungGen      total 420864K, used 66305K [0x00000000e0000000, 0x0000000100000000, 0x0000000100000000)
  eden space 319488K, 0% used [0x00000000e0000000,0x00000000e0000000,0x00000000f3800000)
  from space 101376K, 65% used [0x00000000f9d00000,0x00000000fddc0638,0x0000000100000000)
  to   space 102400K, 0% used [0x00000000f3800000,0x00000000f3800000,0x00000000f9c00000)
 ParOldGen       total 361472K, used 222409K [0x00000000a0000000, 0x00000000b6100000, 0x00000000e0000000)
  object space 361472K, 61% used [0x00000000a0000000,0x00000000ad932608,0x00000000b6100000)
 Metaspace       used 94455K, capacity 98682K, committed 98816K, reserved 1134592K
  class space    used 12366K, capacity 13268K, committed 13312K, reserved 1048576K
Event: 4674.576 GC heap after
Heap after GC invocations=42 (full 6):
 PSYoungGen      total 420864K, used 0K [0x00000000e0000000, 0x0000000100000000, 0x0000000100000000)
  eden space 319488K, 0% used [0x00000000e0000000,0x00000000e0000000,0x00000000f3800000)
  from space 101376K, 0% used [0x00000000f9d00000,0x00000000f9d00000,0x0000000100000000)
  to   space 102400K, 0% used [0x00000000f3800000,0x00000000f3800000,0x00000000f9c00000)
 ParOldGen       total 361472K, used 100092K [0x00000000a0000000, 0x00000000b6100000, 0x00000000e0000000)
  object space 361472K, 27% used [0x00000000a0000000,0x00000000a61bf130,0x00000000b6100000)
 Metaspace       used 93574K, capacity 97068K, committed 98816K, reserved 1134592K
  class space    used 12132K, capacity 12862K, committed 13312K, reserved 1048576K
}
Event: 4747.879 GC heap before
{Heap before GC invocations=43 (full 6):
 PSYoungGen      total 420864K, used 319488K [0x00000000e0000000, 0x0000000100000000, 0x0000000100000000)
  eden space 319488K, 100% used [0x00000000e0000000,0x00000000f3800000,0x00000000f3800000)
  from space 101376K, 0% used [0x00000000f9d00000,0x00000000f9d00000,0x0000000100000000)
  to   space 102400K, 0% used [0x00000000f3800000,0x00000000f3800000,0x00000000f9c00000)
 ParOldGen       total 361472K, used 100092K [0x00000000a0000000, 0x00000000b6100000, 0x00000000e0000000)
  object space 361472K, 27% used [0x00000000a0000000,0x00000000a61bf130,0x00000000b6100000)
 Metaspace       used 94902K, capacity 98470K, committed 99968K, reserved 1136640K
  class space    used 12309K, capacity 13071K, committed 13440K, reserved 1048576K
Event: 4748.692 GC heap after
Heap after GC invocations=43 (full 6):
 PSYoungGen      total 406016K, used 86024K [0x00000000e0000000, 0x0000000100000000, 0x0000000100000000)
  eden space 319488K, 0% used [0x00000000e0000000,0x00000000e0000000,0x00000000f3800000)
  from space 86528K, 99% used [0x00000000f3800000,0x00000000f8c023f0,0x00000000f8c80000)
  to   space 110080K, 0% used [0x00000000f9480000,0x00000000f9480000,0x0000000100000000)
 ParOldGen       total 361472K, used 100100K [0x00000000a0000000, 0x00000000b6100000, 0x00000000e0000000)
  object space 361472K, 27% used [0x00000000a0000000,0x00000000a61c1130,0x00000000b6100000)
 Metaspace       used 94902K, capacity 98470K, committed 99968K, reserved 1136640K
  class space    used 12309K, capacity 13071K, committed 13440K, reserved 1048576K
}
Event: 4751.702 GC heap before
{Heap before GC invocations=44 (full 6):
 PSYoungGen      total 406016K, used 405512K [0x00000000e0000000, 0x0000000100000000, 0x0000000100000000)
  eden space 319488K, 100% used [0x00000000e0000000,0x00000000f3800000,0x00000000f3800000)
  from space 86528K, 99% used [0x00000000f3800000,0x00000000f8c023f0,0x00000000f8c80000)
  to   space 110080K, 0% used [0x00000000f9480000,0x00000000f9480000,0x0000000100000000)
 ParOldGen       total 361472K, used 100100K [0x00000000a0000000, 0x00000000b6100000, 0x00000000e0000000)
  object space 361472K, 27% used [0x00000000a0000000,0x00000000a61c1130,0x00000000b6100000)
 Metaspace       used 95053K, capacity 98688K, committed 99968K, reserved 1136640K
  class space    used 12323K, capacity 13078K, committed 13440K, reserved 1048576K
Event: 4753.401 GC heap after
Heap after GC invocations=44 (full 6):
 PSYoungGen      total 347648K, used 110078K [0x00000000e0000000, 0x0000000100000000, 0x0000000100000000)
  eden space 237568K, 0% used [0x00000000e0000000,0x00000000e0000000,0x00000000ee800000)
  from space 110080K, 99% used [0x00000000f9480000,0x00000000fffffad8,0x0000000100000000)
  to   space 143360K, 0% used [0x00000000ee800000,0x00000000ee800000,0x00000000f7400000)
 ParOldGen       total 361472K, used 150341K [0x00000000a0000000, 0x00000000b6100000, 0x00000000e0000000)
  object space 361472K, 41% used [0x00000000a0000000,0x00000000a92d1440,0x00000000b6100000)
 Metaspace       used 95053K, capacity 98688K, committed 99968K, reserved 1136640K
  class space    used 12323K, capacity 13078K, committed 13440K, reserved 1048576K
}
Event: 4759.140 GC heap before
{Heap before GC invocations=45 (full 6):
 PSYoungGen      total 347648K, used 347646K [0x00000000e0000000, 0x0000000100000000, 0x0000000100000000)
  eden space 237568K, 100% used [0x00000000e0000000,0x00000000ee800000,0x00000000ee800000)
  from space 110080K, 99% used [0x00000000f9480000,0x00000000fffffad8,0x0000000100000000)
  to   space 143360K, 0% used [0x00000000ee800000,0x00000000ee800000,0x00000000f7400000)
 ParOldGen       total 361472K, used 150341K [0x00000000a0000000, 0x00000000b6100000, 0x00000000e0000000)
  object space 361472K, 41% used [0x00000000a0000000,0x00000000a92d1440,0x00000000b6100000)
 Metaspace       used 98821K, capacity 102432K, committed 103680K, reserved 1138688K
  class space    used 12794K, capacity 13494K, committed 13824K, reserved 1048576K
Event: 4759.707 GC heap after
Heap after GC invocations=45 (full 6):
 PSYoungGen      total 380928K, used 143345K [0x00000000e0000000, 0x0000000100000000, 0x0000000100000000)
  eden space 237568K, 0% used [0x00000000e0000000,0x00000000e0000000,0x00000000ee800000)
  from space 143360K, 99% used [0x00000000ee800000,0x00000000f73fc498,0x00000000f7400000)
  to   space 143360K, 0% used [0x00000000f7400000,0x00000000f7400000,0x0000000100000000)
 ParOldGen       total 361472K, used 165898K [0x00000000a0000000, 0x00000000b6100000, 0x00000000e0000000)
  object space 361472K, 45% used [0x00000000a0000000,0x00000000aa202b40,0x00000000b6100000)
 Metaspace       used 98821K, capacity 102432K, committed 103680K, reserved 1138688K
  class space    used 12794K, capacity 13494K, committed 13824K, reserved 1048576K
}

