# JRE version: OpenJDK Runtime Environment (8.0_242-b01) (build 1.8.0_242-release-1644-b01)
# Java VM: OpenJDK 64-Bit Server VM (25.242-b01 mixed mode windows-amd64 compressed oops)
Heap:
 PSYoungGen      total 431104K, used 232154K [0x00000000e0000000, 0x00000000ff400000, 0x0000000100000000)
  eden space 361472K, 53% used [0x00000000e0000000,0x00000000ebdef2b8,0x00000000f6100000)
  from space 69632K, 54% used [0x00000000fb000000,0x00000000fd4c7758,0x00000000ff400000)
  to   space 75264K, 0% used [0x00000000f6100000,0x00000000f6100000,0x00000000faa80000)
 ParOldGen       total 448000K, used 284816K [0x00000000a0000000, 0x00000000bb580000, 0x00000000e0000000)
  object space 448000K, 63% used [0x00000000a0000000,0x00000000b1624130,0x00000000bb580000)
 Metaspace       used 93049K, capacity 97188K, committed 97368K, reserved 1134592K
  class space    used 12177K, capacity 13099K, committed 13144K, reserved 1048576K
GC Heap History (10 events):
Event: 83.494 GC heap before
{Heap before GC invocations=36 (full 6):
 PSYoungGen      total 376320K, used 327232K [0x00000000e0000000, 0x00000000fdf80000, 0x0000000100000000)
  eden space 285184K, 99% used [0x00000000e0000000,0x00000000f16475a0,0x00000000f1680000)
  from space 91136K, 46% used [0x00000000f1680000,0x00000000f3fc8b78,0x00000000f6f80000)
  to   space 87552K, 0% used [0x00000000f8a00000,0x00000000f8a00000,0x00000000fdf80000)
 ParOldGen       total 448000K, used 284776K [0x00000000a0000000, 0x00000000bb580000, 0x00000000e0000000)
  object space 448000K, 63% used [0x00000000a0000000,0x00000000b161a130,0x00000000bb580000)
 Metaspace       used 85673K, capacity 89304K, committed 89560K, reserved 1126400K
  class space    used 11383K, capacity 12221K, committed 12248K, reserved 1048576K
Event: 83.611 GC heap after
Heap after GC invocations=36 (full 6):
 PSYoungGen      total 398336K, used 46027K [0x00000000e0000000, 0x00000000fda80000, 0x0000000100000000)
  eden space 315904K, 0% used [0x00000000e0000000,0x00000000e0000000,0x00000000f3480000)
  from space 82432K, 55% used [0x00000000f8a00000,0x00000000fb6f2e20,0x00000000fda80000)
  to   space 84992K, 0% used [0x00000000f3480000,0x00000000f3480000,0x00000000f8780000)
 ParOldGen       total 448000K, used 284784K [0x00000000a0000000, 0x00000000bb580000, 0x00000000e0000000)
  object space 448000K, 63% used [0x00000000a0000000,0x00000000b161c130,0x00000000bb580000)
 Metaspace       used 85673K, capacity 89304K, committed 89560K, reserved 1126400K
  class space    used 11383K, capacity 12221K, committed 12248K, reserved 1048576K
}
Event: 86.749 GC heap before
{Heap before GC invocations=37 (full 6):
 PSYoungGen      total 398336K, used 361809K [0x00000000e0000000, 0x00000000fda80000, 0x0000000100000000)
  eden space 315904K, 99% used [0x00000000e0000000,0x00000000f3461870,0x00000000f3480000)
  from space 82432K, 55% used [0x00000000f8a00000,0x00000000fb6f2e20,0x00000000fda80000)
  to   space 84992K, 0% used [0x00000000f3480000,0x00000000f3480000,0x00000000f8780000)
 ParOldGen       total 448000K, used 284784K [0x00000000a0000000, 0x00000000bb580000, 0x00000000e0000000)
  object space 448000K, 63% used [0x00000000a0000000,0x00000000b161c130,0x00000000bb580000)
 Metaspace       used 85738K, capacity 89368K, committed 89560K, reserved 1126400K
  class space    used 11383K, capacity 12221K, committed 12248K, reserved 1048576K
Event: 86.822 GC heap after
Heap after GC invocations=37 (full 6):
 PSYoungGen      total 400896K, used 40160K [0x00000000e0000000, 0x00000000ff000000, 0x0000000100000000)
  eden space 315904K, 0% used [0x00000000e0000000,0x00000000e0000000,0x00000000f3480000)
  from space 84992K, 47% used [0x00000000f3480000,0x00000000f5bb80c0,0x00000000f8780000)
  to   space 80896K, 0% used [0x00000000fa100000,0x00000000fa100000,0x00000000ff000000)
 ParOldGen       total 448000K, used 284792K [0x00000000a0000000, 0x00000000bb580000, 0x00000000e0000000)
  object space 448000K, 63% used [0x00000000a0000000,0x00000000b161e130,0x00000000bb580000)
 Metaspace       used 85738K, capacity 89368K, committed 89560K, reserved 1126400K
  class space    used 11383K, capacity 12221K, committed 12248K, reserved 1048576K
}
Event: 90.207 GC heap before
{Heap before GC invocations=38 (full 6):
 PSYoungGen      total 400896K, used 356064K [0x00000000e0000000, 0x00000000ff000000, 0x0000000100000000)
  eden space 315904K, 100% used [0x00000000e0000000,0x00000000f3480000,0x00000000f3480000)
  from space 84992K, 47% used [0x00000000f3480000,0x00000000f5bb80c0,0x00000000f8780000)
  to   space 80896K, 0% used [0x00000000fa100000,0x00000000fa100000,0x00000000ff000000)
 ParOldGen       total 448000K, used 284792K [0x00000000a0000000, 0x00000000bb580000, 0x00000000e0000000)
  object space 448000K, 63% used [0x00000000a0000000,0x00000000b161e130,0x00000000bb580000)
 Metaspace       used 85996K, capacity 89688K, committed 89944K, reserved 1126400K
  class space    used 11419K, capacity 12257K, committed 12376K, reserved 1048576K
Event: 90.288 GC heap after
Heap after GC invocations=38 (full 6):
 PSYoungGen      total 415744K, used 33436K [0x00000000e0000000, 0x00000000fe780000, 0x0000000100000000)
  eden space 343552K, 0% used [0x00000000e0000000,0x00000000e0000000,0x00000000f4f80000)
  from space 72192K, 46% used [0x00000000fa100000,0x00000000fc1a72d8,0x00000000fe780000)
  to   space 77824K, 0% used [0x00000000f4f80000,0x00000000f4f80000,0x00000000f9b80000)
 ParOldGen       total 448000K, used 284800K [0x00000000a0000000, 0x00000000bb580000, 0x00000000e0000000)
  object space 448000K, 63% used [0x00000000a0000000,0x00000000b1620130,0x00000000bb580000)
 Metaspace       used 85996K, capacity 89688K, committed 89944K, reserved 1126400K
  class space    used 11419K, capacity 12257K, committed 12376K, reserved 1048576K
}
Event: 256.335 GC heap before
{Heap before GC invocations=39 (full 6):
 PSYoungGen      total 415744K, used 376988K [0x00000000e0000000, 0x00000000fe780000, 0x0000000100000000)
  eden space 343552K, 100% used [0x00000000e0000000,0x00000000f4f80000,0x00000000f4f80000)
  from space 72192K, 46% used [0x00000000fa100000,0x00000000fc1a72d8,0x00000000fe780000)
  to   space 77824K, 0% used [0x00000000f4f80000,0x00000000f4f80000,0x00000000f9b80000)
 ParOldGen       total 448000K, used 284800K [0x00000000a0000000, 0x00000000bb580000, 0x00000000e0000000)
  object space 448000K, 63% used [0x00000000a0000000,0x00000000b1620130,0x00000000bb580000)
 Metaspace       used 92585K, capacity 96774K, committed 96856K, reserved 1132544K
  class space    used 12154K, capacity 13074K, committed 13144K, reserved 1048576K
Event: 256.437 GC heap after
Heap after GC invocations=39 (full 6):
 PSYoungGen      total 421376K, used 51990K [0x00000000e0000000, 0x00000000ffd00000, 0x0000000100000000)
  eden space 343552K, 0% used [0x00000000e0000000,0x00000000e0000000,0x00000000f4f80000)
  from space 77824K, 66% used [0x00000000f4f80000,0x00000000f8245bf0,0x00000000f9b80000)
  to   space 78848K, 0% used [0x00000000fb000000,0x00000000fb000000,0x00000000ffd00000)
 ParOldGen       total 448000K, used 284808K [0x00000000a0000000, 0x00000000bb580000, 0x00000000e0000000)
  object space 448000K, 63% used [0x00000000a0000000,0x00000000b1622130,0x00000000bb580000)
 Metaspace       used 92585K, capacity 96774K, committed 96856K, reserved 1132544K
  class space    used 12154K, capacity 13074K, committed 13144K, reserved 1048576K
}
Event: 261.911 GC heap before
{Heap before GC invocations=40 (full 6):
 PSYoungGen      total 421376K, used 395542K [0x00000000e0000000, 0x00000000ffd00000, 0x0000000100000000)
  eden space 343552K, 100% used [0x00000000e0000000,0x00000000f4f80000,0x00000000f4f80000)
  from space 77824K, 66% used [0x00000000f4f80000,0x00000000f8245bf0,0x00000000f9b80000)
  to   space 78848K, 0% used [0x00000000fb000000,0x00000000fb000000,0x00000000ffd00000)
 ParOldGen       total 448000K, used 284808K [0x00000000a0000000, 0x00000000bb580000, 0x00000000e0000000)
  object space 448000K, 63% used [0x00000000a0000000,0x00000000b1622130,0x00000000bb580000)
 Metaspace       used 92796K, capacity 96940K, committed 97112K, reserved 1132544K
  class space    used 12158K, capacity 13079K, committed 13144K, reserved 1048576K
Event: 261.992 GC heap after
Heap after GC invocations=40 (full 6):
 PSYoungGen      total 431104K, used 37661K [0x00000000e0000000, 0x00000000ff400000, 0x0000000100000000)
  eden space 361472K, 0% used [0x00000000e0000000,0x00000000e0000000,0x00000000f6100000)
  from space 69632K, 54% used [0x00000000fb000000,0x00000000fd4c7758,0x00000000ff400000)
  to   space 75264K, 0% used [0x00000000f6100000,0x00000000f6100000,0x00000000faa80000)
 ParOldGen       total 448000K, used 284816K [0x00000000a0000000, 0x00000000bb580000, 0x00000000e0000000)
  object space 448000K, 63% used [0x00000000a0000000,0x00000000b1624130,0x00000000bb580000)
 Metaspace       used 92796K, capacity 96940K, committed 97112K, reserved 1132544K
  class space    used 12158K, capacity 13079K, committed 13144K, reserved 1048576K
}

