# JRE version: OpenJDK Runtime Environment (8.0_242-b01) (build 1.8.0_242-release-1644-b01)
# Java VM: OpenJDK 64-Bit Server VM (25.242-b01 mixed mode windows-amd64 compressed oops)
Heap:
 PSYoungGen      total 424448K, used 165889K [0x00000000e0000000, 0x0000000100000000, 0x0000000100000000)
  eden space 333312K, 31% used [0x00000000e0000000,0x00000000e6725f18,0x00000000f4580000)
  from space 91136K, 66% used [0x00000000fa180000,0x00000000fdc5a508,0x00000000ffa80000)
  to   space 94208K, 0% used [0x00000000f4580000,0x00000000f4580000,0x00000000fa180000)
 ParOldGen       total 195584K, used 129788K [0x00000000a0000000, 0x00000000abf00000, 0x00000000e0000000)
  object space 195584K, 66% used [0x00000000a0000000,0x00000000a7ebf0b8,0x00000000abf00000)
 Metaspace       used 95853K, capacity 99732K, committed 99968K, reserved 1136640K
  class space    used 12499K, capacity 13360K, committed 13440K, reserved 1048576K
GC Heap History (10 events):
Event: 361.273 GC heap before
{Heap before GC invocations=30 (full 4):
 PSYoungGen      total 300032K, used 300022K [0x00000000e0000000, 0x00000000f8880000, 0x0000000100000000)
  eden space 247296K, 100% used [0x00000000e0000000,0x00000000ef180000,0x00000000ef180000)
  from space 52736K, 99% used [0x00000000ef180000,0x00000000f24fd820,0x00000000f2500000)
  to   space 62464K, 0% used [0x00000000f4b80000,0x00000000f4b80000,0x00000000f8880000)
 ParOldGen       total 195584K, used 116372K [0x00000000a0000000, 0x00000000abf00000, 0x00000000e0000000)
  object space 195584K, 59% used [0x00000000a0000000,0x00000000a71a53b8,0x00000000abf00000)
 Metaspace       used 94633K, capacity 98336K, committed 98560K, reserved 1134592K
  class space    used 12389K, capacity 13206K, committed 13312K, reserved 1048576K
Event: 361.530 GC heap after
Heap after GC invocations=30 (full 4):
 PSYoungGen      total 329216K, used 62220K [0x00000000e0000000, 0x00000000f9c00000, 0x0000000100000000)
  eden space 266752K, 0% used [0x00000000e0000000,0x00000000e0000000,0x00000000f0480000)
  from space 62464K, 99% used [0x00000000f4b80000,0x00000000f8843128,0x00000000f8880000)
  to   space 72704K, 0% used [0x00000000f0480000,0x00000000f0480000,0x00000000f4b80000)
 ParOldGen       total 195584K, used 129772K [0x00000000a0000000, 0x00000000abf00000, 0x00000000e0000000)
  object space 195584K, 66% used [0x00000000a0000000,0x00000000a7ebb0b8,0x00000000abf00000)
 Metaspace       used 94633K, capacity 98336K, committed 98560K, reserved 1134592K
  class space    used 12389K, capacity 13206K, committed 13312K, reserved 1048576K
}
Event: 366.284 GC heap before
{Heap before GC invocations=31 (full 4):
 PSYoungGen      total 329216K, used 328972K [0x00000000e0000000, 0x00000000f9c00000, 0x0000000100000000)
  eden space 266752K, 100% used [0x00000000e0000000,0x00000000f0480000,0x00000000f0480000)
  from space 62464K, 99% used [0x00000000f4b80000,0x00000000f8843128,0x00000000f8880000)
  to   space 72704K, 0% used [0x00000000f0480000,0x00000000f0480000,0x00000000f4b80000)
 ParOldGen       total 195584K, used 129772K [0x00000000a0000000, 0x00000000abf00000, 0x00000000e0000000)
  object space 195584K, 66% used [0x00000000a0000000,0x00000000a7ebb0b8,0x00000000abf00000)
 Metaspace       used 95565K, capacity 99464K, committed 99712K, reserved 1136640K
  class space    used 12482K, capacity 13324K, committed 13440K, reserved 1048576K
Event: 366.461 GC heap after
Heap after GC invocations=31 (full 4):
 PSYoungGen      total 339456K, used 65076K [0x00000000e0000000, 0x00000000fc400000, 0x0000000100000000)
  eden space 266752K, 0% used [0x00000000e0000000,0x00000000e0000000,0x00000000f0480000)
  from space 72704K, 89% used [0x00000000f0480000,0x00000000f440d2d8,0x00000000f4b80000)
  to   space 81408K, 0% used [0x00000000f7480000,0x00000000f7480000,0x00000000fc400000)
 ParOldGen       total 195584K, used 129780K [0x00000000a0000000, 0x00000000abf00000, 0x00000000e0000000)
  object space 195584K, 66% used [0x00000000a0000000,0x00000000a7ebd0b8,0x00000000abf00000)
 Metaspace       used 95565K, capacity 99464K, committed 99712K, reserved 1136640K
  class space    used 12482K, capacity 13324K, committed 13440K, reserved 1048576K
}
Event: 369.340 GC heap before
{Heap before GC invocations=32 (full 4):
 PSYoungGen      total 339456K, used 331828K [0x00000000e0000000, 0x00000000fc400000, 0x0000000100000000)
  eden space 266752K, 100% used [0x00000000e0000000,0x00000000f0480000,0x00000000f0480000)
  from space 72704K, 89% used [0x00000000f0480000,0x00000000f440d2d8,0x00000000f4b80000)
  to   space 81408K, 0% used [0x00000000f7480000,0x00000000f7480000,0x00000000fc400000)
 ParOldGen       total 195584K, used 129780K [0x00000000a0000000, 0x00000000abf00000, 0x00000000e0000000)
  object space 195584K, 66% used [0x00000000a0000000,0x00000000a7ebd0b8,0x00000000abf00000)
 Metaspace       used 95729K, capacity 99614K, committed 99968K, reserved 1136640K
  class space    used 12486K, capacity 13325K, committed 13440K, reserved 1048576K
Event: 369.489 GC heap after
Heap after GC invocations=32 (full 4):
 PSYoungGen      total 375296K, used 61350K [0x00000000e0000000, 0x00000000fd280000, 0x0000000100000000)
  eden space 293888K, 0% used [0x00000000e0000000,0x00000000e0000000,0x00000000f1f00000)
  from space 81408K, 75% used [0x00000000f7480000,0x00000000fb0698c8,0x00000000fc400000)
  to   space 87552K, 0% used [0x00000000f1f00000,0x00000000f1f00000,0x00000000f7480000)
 ParOldGen       total 195584K, used 129780K [0x00000000a0000000, 0x00000000abf00000, 0x00000000e0000000)
  object space 195584K, 66% used [0x00000000a0000000,0x00000000a7ebd0b8,0x00000000abf00000)
 Metaspace       used 95729K, capacity 99614K, committed 99968K, reserved 1136640K
  class space    used 12486K, capacity 13325K, committed 13440K, reserved 1048576K
}
Event: 372.244 GC heap before
{Heap before GC invocations=33 (full 4):
 PSYoungGen      total 375296K, used 355238K [0x00000000e0000000, 0x00000000fd280000, 0x0000000100000000)
  eden space 293888K, 100% used [0x00000000e0000000,0x00000000f1f00000,0x00000000f1f00000)
  from space 81408K, 75% used [0x00000000f7480000,0x00000000fb0698c8,0x00000000fc400000)
  to   space 87552K, 0% used [0x00000000f1f00000,0x00000000f1f00000,0x00000000f7480000)
 ParOldGen       total 195584K, used 129780K [0x00000000a0000000, 0x00000000abf00000, 0x00000000e0000000)
  object space 195584K, 66% used [0x00000000a0000000,0x00000000a7ebd0b8,0x00000000abf00000)
 Metaspace       used 95793K, capacity 99700K, committed 99968K, reserved 1136640K
  class space    used 12491K, capacity 13328K, committed 13440K, reserved 1048576K
Event: 372.398 GC heap after
Heap after GC invocations=33 (full 4):
 PSYoungGen      total 381440K, used 59999K [0x00000000e0000000, 0x00000000ffa80000, 0x0000000100000000)
  eden space 293888K, 0% used [0x00000000e0000000,0x00000000e0000000,0x00000000f1f00000)
  from space 87552K, 68% used [0x00000000f1f00000,0x00000000f5997c08,0x00000000f7480000)
  to   space 91136K, 0% used [0x00000000fa180000,0x00000000fa180000,0x00000000ffa80000)
 ParOldGen       total 195584K, used 129788K [0x00000000a0000000, 0x00000000abf00000, 0x00000000e0000000)
  object space 195584K, 66% used [0x00000000a0000000,0x00000000a7ebf0b8,0x00000000abf00000)
 Metaspace       used 95793K, capacity 99700K, committed 99968K, reserved 1136640K
  class space    used 12491K, capacity 13328K, committed 13440K, reserved 1048576K
}
Event: 375.017 GC heap before
{Heap before GC invocations=34 (full 4):
 PSYoungGen      total 381440K, used 353887K [0x00000000e0000000, 0x00000000ffa80000, 0x0000000100000000)
  eden space 293888K, 100% used [0x00000000e0000000,0x00000000f1f00000,0x00000000f1f00000)
  from space 87552K, 68% used [0x00000000f1f00000,0x00000000f5997c08,0x00000000f7480000)
  to   space 91136K, 0% used [0x00000000fa180000,0x00000000fa180000,0x00000000ffa80000)
 ParOldGen       total 195584K, used 129788K [0x00000000a0000000, 0x00000000abf00000, 0x00000000e0000000)
  object space 195584K, 66% used [0x00000000a0000000,0x00000000a7ebf0b8,0x00000000abf00000)
 Metaspace       used 95842K, capacity 99732K, committed 99968K, reserved 1136640K
  class space    used 12499K, capacity 13360K, committed 13440K, reserved 1048576K
Event: 375.301 GC heap after
Heap after GC invocations=34 (full 4):
 PSYoungGen      total 424448K, used 60265K [0x00000000e0000000, 0x0000000100000000, 0x0000000100000000)
  eden space 333312K, 0% used [0x00000000e0000000,0x00000000e0000000,0x00000000f4580000)
  from space 91136K, 66% used [0x00000000fa180000,0x00000000fdc5a508,0x00000000ffa80000)
  to   space 94208K, 0% used [0x00000000f4580000,0x00000000f4580000,0x00000000fa180000)
 ParOldGen       total 195584K, used 129788K [0x00000000a0000000, 0x00000000abf00000, 0x00000000e0000000)
  object space 195584K, 66% used [0x00000000a0000000,0x00000000a7ebf0b8,0x00000000abf00000)
 Metaspace       used 95842K, capacity 99732K, committed 99968K, reserved 1136640K
  class space    used 12499K, capacity 13360K, committed 13440K, reserved 1048576K
}

