# JRE version: OpenJDK Runtime Environment (8.0_242-b01) (build 1.8.0_242-release-1644-b01)
# Java VM: OpenJDK 64-Bit Server VM (25.242-b01 mixed mode windows-amd64 compressed oops)
Heap:
 PSYoungGen      total 380416K, used 171932K [0x00000000e0000000, 0x0000000100000000, 0x0000000100000000)
  eden space 243712K, 30% used [0x00000000e0000000,0x00000000e48e52a8,0x00000000eee00000)
  from space 136704K, 71% used [0x00000000f7700000,0x00000000fd601ec8,0x00000000ffc80000)
  to   space 140288K, 0% used [0x00000000eee00000,0x00000000eee00000,0x00000000f7700000)
 ParOldGen       total 336384K, used 221965K [0x00000000a0000000, 0x00000000b4880000, 0x00000000e0000000)
  object space 336384K, 65% used [0x00000000a0000000,0x00000000ad8c35a0,0x00000000b4880000)
 Metaspace       used 93383K, capacity 97330K, committed 97664K, reserved 1134592K
  class space    used 12232K, capacity 13078K, committed 13184K, reserved 1048576K
GC Heap History (10 events):
Event: 76.350 GC heap before
{Heap before GC invocations=37 (full 5):
 PSYoungGen      total 351232K, used 350723K [0x00000000e0000000, 0x0000000100000000, 0x0000000100000000)
  eden space 265216K, 100% used [0x00000000e0000000,0x00000000f0300000,0x00000000f0300000)
  from space 86016K, 99% used [0x00000000f0300000,0x00000000f5680db0,0x00000000f5700000)
  to   space 132608K, 0% used [0x00000000f7e80000,0x00000000f7e80000,0x0000000100000000)
 ParOldGen       total 336384K, used 221941K [0x00000000a0000000, 0x00000000b4880000, 0x00000000e0000000)
  object space 336384K, 65% used [0x00000000a0000000,0x00000000ad8bd5a0,0x00000000b4880000)
 Metaspace       used 92234K, capacity 96058K, committed 96128K, reserved 1132544K
  class space    used 12074K, capacity 12886K, committed 12928K, reserved 1048576K
Event: 76.539 GC heap after
Heap after GC invocations=37 (full 5):
 PSYoungGen      total 386560K, used 85939K [0x00000000e0000000, 0x0000000100000000, 0x0000000100000000)
  eden space 253952K, 0% used [0x00000000e0000000,0x00000000e0000000,0x00000000ef800000)
  from space 132608K, 64% used [0x00000000f7e80000,0x00000000fd26cc40,0x0000000100000000)
  to   space 135168K, 0% used [0x00000000ef800000,0x00000000ef800000,0x00000000f7c00000)
 ParOldGen       total 336384K, used 221949K [0x00000000a0000000, 0x00000000b4880000, 0x00000000e0000000)
  object space 336384K, 65% used [0x00000000a0000000,0x00000000ad8bf5a0,0x00000000b4880000)
 Metaspace       used 92234K, capacity 96058K, committed 96128K, reserved 1132544K
  class space    used 12074K, capacity 12886K, committed 12928K, reserved 1048576K
}
Event: 78.119 GC heap before
{Heap before GC invocations=38 (full 5):
 PSYoungGen      total 386560K, used 339891K [0x00000000e0000000, 0x0000000100000000, 0x0000000100000000)
  eden space 253952K, 100% used [0x00000000e0000000,0x00000000ef800000,0x00000000ef800000)
  from space 132608K, 64% used [0x00000000f7e80000,0x00000000fd26cc40,0x0000000100000000)
  to   space 135168K, 0% used [0x00000000ef800000,0x00000000ef800000,0x00000000f7c00000)
 ParOldGen       total 336384K, used 221949K [0x00000000a0000000, 0x00000000b4880000, 0x00000000e0000000)
  object space 336384K, 65% used [0x00000000a0000000,0x00000000ad8bf5a0,0x00000000b4880000)
 Metaspace       used 92334K, capacity 96166K, committed 96384K, reserved 1132544K
  class space    used 12086K, capacity 12920K, committed 12928K, reserved 1048576K
Event: 78.303 GC heap after
Heap after GC invocations=38 (full 5):
 PSYoungGen      total 344064K, used 89694K [0x00000000e0000000, 0x0000000100000000, 0x0000000100000000)
  eden space 253952K, 0% used [0x00000000e0000000,0x00000000e0000000,0x00000000ef800000)
  from space 90112K, 99% used [0x00000000ef800000,0x00000000f4f979c0,0x00000000f5000000)
  to   space 137728K, 0% used [0x00000000f7980000,0x00000000f7980000,0x0000000100000000)
 ParOldGen       total 336384K, used 221957K [0x00000000a0000000, 0x00000000b4880000, 0x00000000e0000000)
  object space 336384K, 65% used [0x00000000a0000000,0x00000000ad8c15a0,0x00000000b4880000)
 Metaspace       used 92334K, capacity 96166K, committed 96384K, reserved 1132544K
  class space    used 12086K, capacity 12920K, committed 12928K, reserved 1048576K
}
Event: 79.897 GC heap before
{Heap before GC invocations=39 (full 5):
 PSYoungGen      total 344064K, used 343646K [0x00000000e0000000, 0x0000000100000000, 0x0000000100000000)
  eden space 253952K, 100% used [0x00000000e0000000,0x00000000ef800000,0x00000000ef800000)
  from space 90112K, 99% used [0x00000000ef800000,0x00000000f4f979c0,0x00000000f5000000)
  to   space 137728K, 0% used [0x00000000f7980000,0x00000000f7980000,0x0000000100000000)
 ParOldGen       total 336384K, used 221957K [0x00000000a0000000, 0x00000000b4880000, 0x00000000e0000000)
  object space 336384K, 65% used [0x00000000a0000000,0x00000000ad8c15a0,0x00000000b4880000)
 Metaspace       used 92381K, capacity 96230K, committed 96384K, reserved 1132544K
  class space    used 12087K, capacity 12920K, committed 12928K, reserved 1048576K
Event: 80.131 GC heap after
Heap after GC invocations=39 (full 5):
 PSYoungGen      total 383488K, used 88543K [0x00000000e0000000, 0x0000000100000000, 0x0000000100000000)
  eden space 245760K, 0% used [0x00000000e0000000,0x00000000e0000000,0x00000000ef000000)
  from space 137728K, 64% used [0x00000000f7980000,0x00000000fcff7df8,0x0000000100000000)
  to   space 139264K, 0% used [0x00000000ef000000,0x00000000ef000000,0x00000000f7800000)
 ParOldGen       total 336384K, used 221965K [0x00000000a0000000, 0x00000000b4880000, 0x00000000e0000000)
  object space 336384K, 65% used [0x00000000a0000000,0x00000000ad8c35a0,0x00000000b4880000)
 Metaspace       used 92381K, capacity 96230K, committed 96384K, reserved 1132544K
  class space    used 12087K, capacity 12920K, committed 12928K, reserved 1048576K
}
Event: 81.922 GC heap before
{Heap before GC invocations=40 (full 5):
 PSYoungGen      total 383488K, used 334303K [0x00000000e0000000, 0x0000000100000000, 0x0000000100000000)
  eden space 245760K, 100% used [0x00000000e0000000,0x00000000ef000000,0x00000000ef000000)
  from space 137728K, 64% used [0x00000000f7980000,0x00000000fcff7df8,0x0000000100000000)
  to   space 139264K, 0% used [0x00000000ef000000,0x00000000ef000000,0x00000000f7800000)
 ParOldGen       total 336384K, used 221965K [0x00000000a0000000, 0x00000000b4880000, 0x00000000e0000000)
  object space 336384K, 65% used [0x00000000a0000000,0x00000000ad8c35a0,0x00000000b4880000)
 Metaspace       used 92407K, capacity 96230K, committed 96384K, reserved 1132544K
  class space    used 12087K, capacity 12920K, committed 12928K, reserved 1048576K
Event: 82.087 GC heap after
Heap after GC invocations=40 (full 5):
 PSYoungGen      total 325632K, used 79700K [0x00000000e0000000, 0x00000000ffc80000, 0x0000000100000000)
  eden space 245760K, 0% used [0x00000000e0000000,0x00000000e0000000,0x00000000ef000000)
  from space 79872K, 99% used [0x00000000ef000000,0x00000000f3dd5358,0x00000000f3e00000)
  to   space 136704K, 0% used [0x00000000f7700000,0x00000000f7700000,0x00000000ffc80000)
 ParOldGen       total 336384K, used 221965K [0x00000000a0000000, 0x00000000b4880000, 0x00000000e0000000)
  object space 336384K, 65% used [0x00000000a0000000,0x00000000ad8c35a0,0x00000000b4880000)
 Metaspace       used 92407K, capacity 96230K, committed 96384K, reserved 1132544K
  class space    used 12087K, capacity 12920K, committed 12928K, reserved 1048576K
}
Event: 84.614 GC heap before
{Heap before GC invocations=41 (full 5):
 PSYoungGen      total 325632K, used 325460K [0x00000000e0000000, 0x00000000ffc80000, 0x0000000100000000)
  eden space 245760K, 100% used [0x00000000e0000000,0x00000000ef000000,0x00000000ef000000)
  from space 79872K, 99% used [0x00000000ef000000,0x00000000f3dd5358,0x00000000f3e00000)
  to   space 136704K, 0% used [0x00000000f7700000,0x00000000f7700000,0x00000000ffc80000)
 ParOldGen       total 336384K, used 221965K [0x00000000a0000000, 0x00000000b4880000, 0x00000000e0000000)
  object space 336384K, 65% used [0x00000000a0000000,0x00000000ad8c35a0,0x00000000b4880000)
 Metaspace       used 92677K, capacity 96486K, committed 96768K, reserved 1132544K
  class space    used 12123K, capacity 12956K, committed 13056K, reserved 1048576K
Event: 84.809 GC heap after
Heap after GC invocations=41 (full 5):
 PSYoungGen      total 380416K, used 97287K [0x00000000e0000000, 0x0000000100000000, 0x0000000100000000)
  eden space 243712K, 0% used [0x00000000e0000000,0x00000000e0000000,0x00000000eee00000)
  from space 136704K, 71% used [0x00000000f7700000,0x00000000fd601ec8,0x00000000ffc80000)
  to   space 140288K, 0% used [0x00000000eee00000,0x00000000eee00000,0x00000000f7700000)
 ParOldGen       total 336384K, used 221965K [0x00000000a0000000, 0x00000000b4880000, 0x00000000e0000000)
  object space 336384K, 65% used [0x00000000a0000000,0x00000000ad8c35a0,0x00000000b4880000)
 Metaspace       used 92677K, capacity 96486K, committed 96768K, reserved 1132544K
  class space    used 12123K, capacity 12956K, committed 13056K, reserved 1048576K
}

