# JRE version: OpenJDK Runtime Environment (8.0_242-b01) (build 1.8.0_242-release-1644-b01)
# Java VM: OpenJDK 64-Bit Server VM (25.242-b01 mixed mode windows-amd64 compressed oops)
Heap:
 PSYoungGen      total 285696K, used 51251K [0x00000000e0000000, 0x00000000f5d80000, 0x0000000100000000)
  eden space 234496K, 4% used [0x00000000e0000000,0x00000000e0a51ea8,0x00000000ee500000)
  from space 51200K, 79% used [0x00000000f1b80000,0x00000000f433af40,0x00000000f4d80000)
  to   space 55808K, 0% used [0x00000000ee500000,0x00000000ee500000,0x00000000f1b80000)
 ParOldGen       total 181760K, used 103900K [0x00000000a0000000, 0x00000000ab180000, 0x00000000e0000000)
  object space 181760K, 57% used [0x00000000a0000000,0x00000000a6577110,0x00000000ab180000)
 Metaspace       used 85961K, capacity 89592K, committed 89728K, reserved 1126400K
  class space    used 11564K, capacity 12405K, committed 12416K, reserved 1048576K
GC Heap History (10 events):
Event: 25.987 GC heap before
{Heap before GC invocations=22 (full 4):
 PSYoungGen      total 223232K, used 27112K [0x00000000e0000000, 0x00000000f3100000, 0x0000000100000000)
  eden space 196096K, 0% used [0x00000000e0000000,0x00000000e0000000,0x00000000ebf80000)
  from space 27136K, 99% used [0x00000000eeb00000,0x00000000f057a1c0,0x00000000f0580000)
  to   space 44544K, 0% used [0x00000000ebf80000,0x00000000ebf80000,0x00000000eeb00000)
 ParOldGen       total 97792K, used 83049K [0x00000000a0000000, 0x00000000a5f80000, 0x00000000e0000000)
  object space 97792K, 84% used [0x00000000a0000000,0x00000000a511a640,0x00000000a5f80000)
 Metaspace       used 68465K, capacity 71132K, committed 71168K, reserved 1110016K
  class space    used 9313K, capacity 9953K, committed 9984K, reserved 1048576K
Event: 26.906 GC heap after
Heap after GC invocations=22 (full 4):
 PSYoungGen      total 223232K, used 7105K [0x00000000e0000000, 0x00000000f3100000, 0x0000000100000000)
  eden space 196096K, 0% used [0x00000000e0000000,0x00000000e0000000,0x00000000ebf80000)
  from space 27136K, 26% used [0x00000000eeb00000,0x00000000ef1f0618,0x00000000f0580000)
  to   space 44544K, 0% used [0x00000000ebf80000,0x00000000ebf80000,0x00000000eeb00000)
 ParOldGen       total 181760K, used 97544K [0x00000000a0000000, 0x00000000ab180000, 0x00000000e0000000)
  object space 181760K, 53% used [0x00000000a0000000,0x00000000a5f420f0,0x00000000ab180000)
 Metaspace       used 68407K, capacity 70956K, committed 71168K, reserved 1110016K
  class space    used 9295K, capacity 9921K, committed 9984K, reserved 1048576K
}
Event: 30.057 GC heap before
{Heap before GC invocations=23 (full 4):
 PSYoungGen      total 223232K, used 203201K [0x00000000e0000000, 0x00000000f3100000, 0x0000000100000000)
  eden space 196096K, 100% used [0x00000000e0000000,0x00000000ebf80000,0x00000000ebf80000)
  from space 27136K, 26% used [0x00000000eeb00000,0x00000000ef1f0618,0x00000000f0580000)
  to   space 44544K, 0% used [0x00000000ebf80000,0x00000000ebf80000,0x00000000eeb00000)
 ParOldGen       total 181760K, used 97544K [0x00000000a0000000, 0x00000000ab180000, 0x00000000e0000000)
  object space 181760K, 53% used [0x00000000a0000000,0x00000000a5f420f0,0x00000000ab180000)
 Metaspace       used 71461K, capacity 74088K, committed 74368K, reserved 1114112K
  class space    used 9689K, capacity 10325K, committed 10368K, reserved 1048576K
Event: 30.113 GC heap after
Heap after GC invocations=23 (full 4):
 PSYoungGen      total 240640K, used 15175K [0x00000000e0000000, 0x00000000f2900000, 0x0000000100000000)
  eden space 196096K, 0% used [0x00000000e0000000,0x00000000e0000000,0x00000000ebf80000)
  from space 44544K, 34% used [0x00000000ebf80000,0x00000000ece51de8,0x00000000eeb00000)
  to   space 41984K, 0% used [0x00000000f0000000,0x00000000f0000000,0x00000000f2900000)
 ParOldGen       total 181760K, used 103868K [0x00000000a0000000, 0x00000000ab180000, 0x00000000e0000000)
  object space 181760K, 57% used [0x00000000a0000000,0x00000000a656f110,0x00000000ab180000)
 Metaspace       used 71461K, capacity 74088K, committed 74368K, reserved 1114112K
  class space    used 9689K, capacity 10325K, committed 10368K, reserved 1048576K
}
Event: 39.558 GC heap before
{Heap before GC invocations=24 (full 4):
 PSYoungGen      total 240640K, used 211271K [0x00000000e0000000, 0x00000000f2900000, 0x0000000100000000)
  eden space 196096K, 100% used [0x00000000e0000000,0x00000000ebf80000,0x00000000ebf80000)
  from space 44544K, 34% used [0x00000000ebf80000,0x00000000ece51de8,0x00000000eeb00000)
  to   space 41984K, 0% used [0x00000000f0000000,0x00000000f0000000,0x00000000f2900000)
 ParOldGen       total 181760K, used 103868K [0x00000000a0000000, 0x00000000ab180000, 0x00000000e0000000)
  object space 181760K, 57% used [0x00000000a0000000,0x00000000a656f110,0x00000000ab180000)
 Metaspace       used 75716K, capacity 78418K, committed 78720K, reserved 1118208K
  class space    used 10177K, capacity 10840K, committed 10880K, reserved 1048576K
Event: 39.658 GC heap after
Heap after GC invocations=24 (full 4):
 PSYoungGen      total 255488K, used 41409K [0x00000000e0000000, 0x00000000f3400000, 0x0000000100000000)
  eden space 213504K, 0% used [0x00000000e0000000,0x00000000e0000000,0x00000000ed080000)
  from space 41984K, 98% used [0x00000000f0000000,0x00000000f2870718,0x00000000f2900000)
  to   space 48640K, 0% used [0x00000000ed080000,0x00000000ed080000,0x00000000f0000000)
 ParOldGen       total 181760K, used 103876K [0x00000000a0000000, 0x00000000ab180000, 0x00000000e0000000)
  object space 181760K, 57% used [0x00000000a0000000,0x00000000a6571110,0x00000000ab180000)
 Metaspace       used 75716K, capacity 78418K, committed 78720K, reserved 1118208K
  class space    used 10177K, capacity 10840K, committed 10880K, reserved 1048576K
}
Event: 74.948 GC heap before
{Heap before GC invocations=25 (full 4):
 PSYoungGen      total 255488K, used 254913K [0x00000000e0000000, 0x00000000f3400000, 0x0000000100000000)
  eden space 213504K, 100% used [0x00000000e0000000,0x00000000ed080000,0x00000000ed080000)
  from space 41984K, 98% used [0x00000000f0000000,0x00000000f2870718,0x00000000f2900000)
  to   space 48640K, 0% used [0x00000000ed080000,0x00000000ed080000,0x00000000f0000000)
 ParOldGen       total 181760K, used 103876K [0x00000000a0000000, 0x00000000ab180000, 0x00000000e0000000)
  object space 181760K, 57% used [0x00000000a0000000,0x00000000a6571110,0x00000000ab180000)
 Metaspace       used 77243K, capacity 80074K, committed 80256K, reserved 1118208K
  class space    used 10377K, capacity 11062K, committed 11136K, reserved 1048576K
Event: 75.784 GC heap after
Heap after GC invocations=25 (full 4):
 PSYoungGen      total 262144K, used 33327K [0x00000000e0000000, 0x00000000f4d80000, 0x0000000100000000)
  eden space 213504K, 0% used [0x00000000e0000000,0x00000000e0000000,0x00000000ed080000)
  from space 48640K, 68% used [0x00000000ed080000,0x00000000ef10bdb0,0x00000000f0000000)
  to   space 51200K, 0% used [0x00000000f1b80000,0x00000000f1b80000,0x00000000f4d80000)
 ParOldGen       total 181760K, used 103884K [0x00000000a0000000, 0x00000000ab180000, 0x00000000e0000000)
  object space 181760K, 57% used [0x00000000a0000000,0x00000000a6573110,0x00000000ab180000)
 Metaspace       used 77243K, capacity 80074K, committed 80256K, reserved 1118208K
  class space    used 10377K, capacity 11062K, committed 11136K, reserved 1048576K
}
Event: 84.299 GC heap before
{Heap before GC invocations=26 (full 4):
 PSYoungGen      total 262144K, used 246621K [0x00000000e0000000, 0x00000000f4d80000, 0x0000000100000000)
  eden space 213504K, 99% used [0x00000000e0000000,0x00000000ed04b9f8,0x00000000ed080000)
  from space 48640K, 68% used [0x00000000ed080000,0x00000000ef10bdb0,0x00000000f0000000)
  to   space 51200K, 0% used [0x00000000f1b80000,0x00000000f1b80000,0x00000000f4d80000)
 ParOldGen       total 181760K, used 103884K [0x00000000a0000000, 0x00000000ab180000, 0x00000000e0000000)
  object space 181760K, 57% used [0x00000000a0000000,0x00000000a6573110,0x00000000ab180000)
 Metaspace       used 85826K, capacity 89392K, committed 89472K, reserved 1126400K
  class space    used 11545K, capacity 12365K, committed 12416K, reserved 1048576K
Event: 84.768 GC heap after
Heap after GC invocations=26 (full 4):
 PSYoungGen      total 285696K, used 40683K [0x00000000e0000000, 0x00000000f5d80000, 0x0000000100000000)
  eden space 234496K, 0% used [0x00000000e0000000,0x00000000e0000000,0x00000000ee500000)
  from space 51200K, 79% used [0x00000000f1b80000,0x00000000f433af40,0x00000000f4d80000)
  to   space 55808K, 0% used [0x00000000ee500000,0x00000000ee500000,0x00000000f1b80000)
 ParOldGen       total 181760K, used 103900K [0x00000000a0000000, 0x00000000ab180000, 0x00000000e0000000)
  object space 181760K, 57% used [0x00000000a0000000,0x00000000a6577110,0x00000000ab180000)
 Metaspace       used 85826K, capacity 89392K, committed 89472K, reserved 1126400K
  class space    used 11545K, capacity 12365K, committed 12416K, reserved 1048576K
}

