# JRE version: OpenJDK Runtime Environment (8.0_242-b01) (build 1.8.0_242-release-1644-b01)
# Java VM: OpenJDK 64-Bit Server VM (25.242-b01 mixed mode windows-amd64 compressed oops)
Heap:
 PSYoungGen      total 389120K, used 374486K [0x00000000e0000000, 0x00000000fbf80000, 0x0000000100000000)
  eden space 335872K, 100% used [0x00000000e0000000,0x00000000f4800000,0x00000000f4800000)
  from space 53248K, 72% used [0x00000000f7f80000,0x00000000fa5359f8,0x00000000fb380000)
  to   space 56832K, 99% used [0x00000000f4800000,0x00000000f7f7f7a0,0x00000000f7f80000)
 ParOldGen       total 218624K, used 218608K [0x00000000a0000000, 0x00000000ad580000, 0x00000000e0000000)
  object space 218624K, 99% used [0x00000000a0000000,0x00000000ad57e218,0x00000000ad580000)
 Metaspace       used 87584K, capacity 90622K, committed 90752K, reserved 1128448K
  class space    used 11650K, capacity 12326K, committed 12416K, reserved 1048576K
GC Heap History (10 events):
Event: 46.009 GC heap after
Heap after GC invocations=18 (full 4):
 PSYoungGen      total 306176K, used 7133K [0x00000000e0000000, 0x00000000f7800000, 0x0000000100000000)
  eden space 276992K, 0% used [0x00000000e0000000,0x00000000e0000000,0x00000000f0e80000)
  from space 29184K, 24% used [0x00000000f3b00000,0x00000000f41f7698,0x00000000f5780000)
  to   space 45568K, 0% used [0x00000000f0e80000,0x00000000f0e80000,0x00000000f3b00000)
 ParOldGen       total 161280K, used 90763K [0x00000000a0000000, 0x00000000a9d80000, 0x00000000e0000000)
  object space 161280K, 56% used [0x00000000a0000000,0x00000000a58a2d68,0x00000000a9d80000)
 Metaspace       used 68097K, capacity 70554K, committed 70912K, reserved 1110016K
  class space    used 9256K, capacity 9890K, committed 9984K, reserved 1048576K
}
Event: 59.653 GC heap before
{Heap before GC invocations=19 (full 4):
 PSYoungGen      total 306176K, used 284125K [0x00000000e0000000, 0x00000000f7800000, 0x0000000100000000)
  eden space 276992K, 100% used [0x00000000e0000000,0x00000000f0e80000,0x00000000f0e80000)
  from space 29184K, 24% used [0x00000000f3b00000,0x00000000f41f7698,0x00000000f5780000)
  to   space 45568K, 0% used [0x00000000f0e80000,0x00000000f0e80000,0x00000000f3b00000)
 ParOldGen       total 161280K, used 90763K [0x00000000a0000000, 0x00000000a9d80000, 0x00000000e0000000)
  object space 161280K, 56% used [0x00000000a0000000,0x00000000a58a2d68,0x00000000a9d80000)
 Metaspace       used 72323K, capacity 74970K, committed 75264K, reserved 1114112K
  class space    used 9757K, capacity 10420K, committed 10496K, reserved 1048576K
Event: 59.740 GC heap after
Heap after GC invocations=19 (full 4):
 PSYoungGen      total 322560K, used 23108K [0x00000000e0000000, 0x00000000f9300000, 0x0000000100000000)
  eden space 276992K, 0% used [0x00000000e0000000,0x00000000e0000000,0x00000000f0e80000)
  from space 45568K, 50% used [0x00000000f0e80000,0x00000000f2511030,0x00000000f3b00000)
  to   space 45056K, 0% used [0x00000000f6700000,0x00000000f6700000,0x00000000f9300000)
 ParOldGen       total 161280K, used 97956K [0x00000000a0000000, 0x00000000a9d80000, 0x00000000e0000000)
  object space 161280K, 60% used [0x00000000a0000000,0x00000000a5fa92a8,0x00000000a9d80000)
 Metaspace       used 72323K, capacity 74970K, committed 75264K, reserved 1114112K
  class space    used 9757K, capacity 10420K, committed 10496K, reserved 1048576K
}
Event: 85.834 GC heap before
{Heap before GC invocations=20 (full 4):
 PSYoungGen      total 322560K, used 300100K [0x00000000e0000000, 0x00000000f9300000, 0x0000000100000000)
  eden space 276992K, 100% used [0x00000000e0000000,0x00000000f0e80000,0x00000000f0e80000)
  from space 45568K, 50% used [0x00000000f0e80000,0x00000000f2511030,0x00000000f3b00000)
  to   space 45056K, 0% used [0x00000000f6700000,0x00000000f6700000,0x00000000f9300000)
 ParOldGen       total 161280K, used 97956K [0x00000000a0000000, 0x00000000a9d80000, 0x00000000e0000000)
  object space 161280K, 60% used [0x00000000a0000000,0x00000000a5fa92a8,0x00000000a9d80000)
 Metaspace       used 76809K, capacity 79594K, committed 79744K, reserved 1118208K
  class space    used 10331K, capacity 11018K, committed 11136K, reserved 1048576K
Event: 85.905 GC heap after
Heap after GC invocations=20 (full 4):
 PSYoungGen      total 359424K, used 45040K [0x00000000e0000000, 0x00000000f9c00000, 0x0000000100000000)
  eden space 314368K, 0% used [0x00000000e0000000,0x00000000e0000000,0x00000000f3300000)
  from space 45056K, 99% used [0x00000000f6700000,0x00000000f92fc2c8,0x00000000f9300000)
  to   space 53248K, 0% used [0x00000000f3300000,0x00000000f3300000,0x00000000f6700000)
 ParOldGen       total 161280K, used 99935K [0x00000000a0000000, 0x00000000a9d80000, 0x00000000e0000000)
  object space 161280K, 61% used [0x00000000a0000000,0x00000000a6197f60,0x00000000a9d80000)
 Metaspace       used 76809K, capacity 79594K, committed 79744K, reserved 1118208K
  class space    used 10331K, capacity 11018K, committed 11136K, reserved 1048576K
}
Event: 137.342 GC heap before
{Heap before GC invocations=21 (full 4):
 PSYoungGen      total 359424K, used 359408K [0x00000000e0000000, 0x00000000f9c00000, 0x0000000100000000)
  eden space 314368K, 100% used [0x00000000e0000000,0x00000000f3300000,0x00000000f3300000)
  from space 45056K, 99% used [0x00000000f6700000,0x00000000f92fc2c8,0x00000000f9300000)
  to   space 53248K, 0% used [0x00000000f3300000,0x00000000f3300000,0x00000000f6700000)
 ParOldGen       total 161280K, used 99935K [0x00000000a0000000, 0x00000000a9d80000, 0x00000000e0000000)
  object space 161280K, 61% used [0x00000000a0000000,0x00000000a6197f60,0x00000000a9d80000)
 Metaspace       used 81567K, capacity 84442K, committed 84608K, reserved 1122304K
  class space    used 10913K, capacity 11578K, committed 11648K, reserved 1048576K
Event: 137.478 GC heap after
Heap after GC invocations=21 (full 4):
 PSYoungGen      total 367616K, used 28894K [0x00000000e0000000, 0x00000000fb380000, 0x0000000100000000)
  eden space 314368K, 0% used [0x00000000e0000000,0x00000000e0000000,0x00000000f3300000)
  from space 53248K, 54% used [0x00000000f3300000,0x00000000f4f37ab8,0x00000000f6700000)
  to   space 53248K, 0% used [0x00000000f7f80000,0x00000000f7f80000,0x00000000fb380000)
 ParOldGen       total 161280K, used 121227K [0x00000000a0000000, 0x00000000a9d80000, 0x00000000e0000000)
  object space 161280K, 75% used [0x00000000a0000000,0x00000000a7662f40,0x00000000a9d80000)
 Metaspace       used 81567K, capacity 84442K, committed 84608K, reserved 1122304K
  class space    used 10913K, capacity 11578K, committed 11648K, reserved 1048576K
}
Event: 140.689 GC heap before
{Heap before GC invocations=22 (full 4):
 PSYoungGen      total 367616K, used 343262K [0x00000000e0000000, 0x00000000fb380000, 0x0000000100000000)
  eden space 314368K, 100% used [0x00000000e0000000,0x00000000f3300000,0x00000000f3300000)
  from space 53248K, 54% used [0x00000000f3300000,0x00000000f4f37ab8,0x00000000f6700000)
  to   space 53248K, 0% used [0x00000000f7f80000,0x00000000f7f80000,0x00000000fb380000)
 ParOldGen       total 161280K, used 121227K [0x00000000a0000000, 0x00000000a9d80000, 0x00000000e0000000)
  object space 161280K, 75% used [0x00000000a0000000,0x00000000a7662f40,0x00000000a9d80000)
 Metaspace       used 83667K, capacity 86498K, committed 86784K, reserved 1124352K
  class space    used 11057K, capacity 11708K, committed 11776K, reserved 1048576K
Event: 140.747 GC heap after
Heap after GC invocations=22 (full 4):
 PSYoungGen      total 389120K, used 38614K [0x00000000e0000000, 0x00000000fbf80000, 0x0000000100000000)
  eden space 335872K, 0% used [0x00000000e0000000,0x00000000e0000000,0x00000000f4800000)
  from space 53248K, 72% used [0x00000000f7f80000,0x00000000fa5359f8,0x00000000fb380000)
  to   space 56832K, 0% used [0x00000000f4800000,0x00000000f4800000,0x00000000f7f80000)
 ParOldGen       total 161280K, used 121243K [0x00000000a0000000, 0x00000000a9d80000, 0x00000000e0000000)
  object space 161280K, 75% used [0x00000000a0000000,0x00000000a7666f40,0x00000000a9d80000)
 Metaspace       used 83667K, capacity 86498K, committed 86784K, reserved 1124352K
  class space    used 11057K, capacity 11708K, committed 11776K, reserved 1048576K
}
Event: 148.928 GC heap before
{Heap before GC invocations=23 (full 4):
 PSYoungGen      total 389120K, used 374486K [0x00000000e0000000, 0x00000000fbf80000, 0x0000000100000000)
  eden space 335872K, 100% used [0x00000000e0000000,0x00000000f4800000,0x00000000f4800000)
  from space 53248K, 72% used [0x00000000f7f80000,0x00000000fa5359f8,0x00000000fb380000)
  to   space 56832K, 0% used [0x00000000f4800000,0x00000000f4800000,0x00000000f7f80000)
 ParOldGen       total 161280K, used 121243K [0x00000000a0000000, 0x00000000a9d80000, 0x00000000e0000000)
  object space 161280K, 75% used [0x00000000a0000000,0x00000000a7666f40,0x00000000a9d80000)
 Metaspace       used 87584K, capacity 90622K, committed 90752K, reserved 1128448K
  class space    used 11650K, capacity 12326K, committed 12416K, reserved 1048576K

