# JRE version: OpenJDK Runtime Environment (8.0_242-b01) (build 1.8.0_242-release-1644-b01)
# Java VM: OpenJDK 64-Bit Server VM (25.242-b01 mixed mode windows-amd64 compressed oops)
Heap:
 PSYoungGen      total 423936K, used 363460K [0x00000000e0000000, 0x00000000fd880000, 0x0000000100000000)
  eden space 380416K, 88% used [0x00000000e0000000,0x00000000f4723e10,0x00000000f7380000)
  from space 43520K, 65% used [0x00000000fae00000,0x00000000fc9cd268,0x00000000fd880000)
  to   space 51712K, 0% used [0x00000000f7380000,0x00000000f7380000,0x00000000fa600000)
 ParOldGen       total 172544K, used 84998K [0x00000000a0000000, 0x00000000aa880000, 0x00000000e0000000)
  object space 172544K, 49% used [0x00000000a0000000,0x00000000a5301900,0x00000000aa880000)
 Metaspace       used 87646K, capacity 91302K, committed 91392K, reserved 1128448K
  class space    used 11658K, capacity 12454K, committed 12544K, reserved 1048576K
GC Heap History (10 events):
Event: 30.521 GC heap before
{Heap before GC invocations=18 (full 3):
 PSYoungGen      total 287744K, used 287374K [0x00000000e0000000, 0x00000000f4480000, 0x0000000100000000)
  eden space 266752K, 100% used [0x00000000e0000000,0x00000000f0480000,0x00000000f0480000)
  from space 20992K, 98% used [0x00000000f3000000,0x00000000f4423910,0x00000000f4480000)
  to   space 28672K, 0% used [0x00000000f0c80000,0x00000000f0c80000,0x00000000f2880000)
 ParOldGen       total 97280K, used 40362K [0x00000000a0000000, 0x00000000a5f00000, 0x00000000e0000000)
  object space 97280K, 41% used [0x00000000a0000000,0x00000000a276aa48,0x00000000a5f00000)
 Metaspace       used 68003K, capacity 70700K, committed 70912K, reserved 1110016K
  class space    used 9257K, capacity 9919K, committed 9984K, reserved 1048576K
Event: 30.640 GC heap after
Heap after GC invocations=18 (full 3):
 PSYoungGen      total 303616K, used 28657K [0x00000000e0000000, 0x00000000fa100000, 0x0000000100000000)
  eden space 274944K, 0% used [0x00000000e0000000,0x00000000e0000000,0x00000000f0c80000)
  from space 28672K, 99% used [0x00000000f0c80000,0x00000000f287c6d0,0x00000000f2880000)
  to   space 45056K, 0% used [0x00000000f7500000,0x00000000f7500000,0x00000000fa100000)
 ParOldGen       total 97280K, used 72118K [0x00000000a0000000, 0x00000000a5f00000, 0x00000000e0000000)
  object space 97280K, 74% used [0x00000000a0000000,0x00000000a466d9f8,0x00000000a5f00000)
 Metaspace       used 68003K, capacity 70700K, committed 70912K, reserved 1110016K
  class space    used 9257K, capacity 9919K, committed 9984K, reserved 1048576K
}
Event: 40.455 GC heap before
{Heap before GC invocations=19 (full 3):
 PSYoungGen      total 303616K, used 303601K [0x00000000e0000000, 0x00000000fa100000, 0x0000000100000000)
  eden space 274944K, 100% used [0x00000000e0000000,0x00000000f0c80000,0x00000000f0c80000)
  from space 28672K, 99% used [0x00000000f0c80000,0x00000000f287c6d0,0x00000000f2880000)
  to   space 45056K, 0% used [0x00000000f7500000,0x00000000f7500000,0x00000000fa100000)
 ParOldGen       total 97280K, used 72118K [0x00000000a0000000, 0x00000000a5f00000, 0x00000000e0000000)
  object space 97280K, 74% used [0x00000000a0000000,0x00000000a466d9f8,0x00000000a5f00000)
 Metaspace       used 72155K, capacity 74974K, committed 75264K, reserved 1114112K
  class space    used 9771K, capacity 10446K, committed 10496K, reserved 1048576K
Event: 40.529 GC heap after
Heap after GC invocations=19 (full 3):
 PSYoungGen      total 382464K, used 18909K [0x00000000e0000000, 0x00000000fa000000, 0x0000000100000000)
  eden space 338432K, 0% used [0x00000000e0000000,0x00000000e0000000,0x00000000f4a80000)
  from space 44032K, 42% used [0x00000000f7500000,0x00000000f87774d8,0x00000000fa000000)
  to   space 43520K, 0% used [0x00000000f4a80000,0x00000000f4a80000,0x00000000f7500000)
 ParOldGen       total 98816K, used 98780K [0x00000000a0000000, 0x00000000a6080000, 0x00000000e0000000)
  object space 98816K, 99% used [0x00000000a0000000,0x00000000a6077050,0x00000000a6080000)
 Metaspace       used 72155K, capacity 74974K, committed 75264K, reserved 1114112K
  class space    used 9771K, capacity 10446K, committed 10496K, reserved 1048576K
}
Event: 40.529 GC heap before
{Heap before GC invocations=20 (full 4):
 PSYoungGen      total 382464K, used 18909K [0x00000000e0000000, 0x00000000fa000000, 0x0000000100000000)
  eden space 338432K, 0% used [0x00000000e0000000,0x00000000e0000000,0x00000000f4a80000)
  from space 44032K, 42% used [0x00000000f7500000,0x00000000f87774d8,0x00000000fa000000)
  to   space 43520K, 0% used [0x00000000f4a80000,0x00000000f4a80000,0x00000000f7500000)
 ParOldGen       total 98816K, used 98780K [0x00000000a0000000, 0x00000000a6080000, 0x00000000e0000000)
  object space 98816K, 99% used [0x00000000a0000000,0x00000000a6077050,0x00000000a6080000)
 Metaspace       used 72155K, capacity 74974K, committed 75264K, reserved 1114112K
  class space    used 9771K, capacity 10446K, committed 10496K, reserved 1048576K
Event: 40.912 GC heap after
Heap after GC invocations=20 (full 4):
 PSYoungGen      total 382464K, used 0K [0x00000000e0000000, 0x00000000fa000000, 0x0000000100000000)
  eden space 338432K, 0% used [0x00000000e0000000,0x00000000e0000000,0x00000000f4a80000)
  from space 44032K, 0% used [0x00000000f7500000,0x00000000f7500000,0x00000000fa000000)
  to   space 43520K, 0% used [0x00000000f4a80000,0x00000000f4a80000,0x00000000f7500000)
 ParOldGen       total 172544K, used 84974K [0x00000000a0000000, 0x00000000aa880000, 0x00000000e0000000)
  object space 172544K, 49% used [0x00000000a0000000,0x00000000a52fb900,0x00000000aa880000)
 Metaspace       used 72092K, capacity 74794K, committed 75264K, reserved 1114112K
  class space    used 9752K, capacity 10412K, committed 10496K, reserved 1048576K
}
Event: 46.652 GC heap before
{Heap before GC invocations=21 (full 4):
 PSYoungGen      total 382464K, used 338432K [0x00000000e0000000, 0x00000000fa000000, 0x0000000100000000)
  eden space 338432K, 100% used [0x00000000e0000000,0x00000000f4a80000,0x00000000f4a80000)
  from space 44032K, 0% used [0x00000000f7500000,0x00000000f7500000,0x00000000fa000000)
  to   space 43520K, 0% used [0x00000000f4a80000,0x00000000f4a80000,0x00000000f7500000)
 ParOldGen       total 172544K, used 84974K [0x00000000a0000000, 0x00000000aa880000, 0x00000000e0000000)
  object space 172544K, 49% used [0x00000000a0000000,0x00000000a52fb900,0x00000000aa880000)
 Metaspace       used 76848K, capacity 79698K, committed 80000K, reserved 1118208K
  class space    used 10361K, capacity 11040K, committed 11136K, reserved 1048576K
Event: 46.696 GC heap after
Heap after GC invocations=21 (full 4):
 PSYoungGen      total 381952K, used 42925K [0x00000000e0000000, 0x00000000fe000000, 0x0000000100000000)
  eden space 338432K, 0% used [0x00000000e0000000,0x00000000e0000000,0x00000000f4a80000)
  from space 43520K, 98% used [0x00000000f4a80000,0x00000000f746b458,0x00000000f7500000)
  to   space 51200K, 0% used [0x00000000fae00000,0x00000000fae00000,0x00000000fe000000)
 ParOldGen       total 172544K, used 84982K [0x00000000a0000000, 0x00000000aa880000, 0x00000000e0000000)
  object space 172544K, 49% used [0x00000000a0000000,0x00000000a52fd900,0x00000000aa880000)
 Metaspace       used 76848K, capacity 79698K, committed 80000K, reserved 1118208K
  class space    used 10361K, capacity 11040K, committed 11136K, reserved 1048576K
}
Event: 5511.207 GC heap before
{Heap before GC invocations=22 (full 4):
 PSYoungGen      total 381952K, used 381357K [0x00000000e0000000, 0x00000000fe000000, 0x0000000100000000)
  eden space 338432K, 100% used [0x00000000e0000000,0x00000000f4a80000,0x00000000f4a80000)
  from space 43520K, 98% used [0x00000000f4a80000,0x00000000f746b458,0x00000000f7500000)
  to   space 51200K, 0% used [0x00000000fae00000,0x00000000fae00000,0x00000000fe000000)
 ParOldGen       total 172544K, used 84982K [0x00000000a0000000, 0x00000000aa880000, 0x00000000e0000000)
  object space 172544K, 49% used [0x00000000a0000000,0x00000000a52fd900,0x00000000aa880000)
 Metaspace       used 87356K, capacity 90894K, committed 91136K, reserved 1128448K
  class space    used 11645K, capacity 12442K, committed 12544K, reserved 1048576K
Event: 5511.847 GC heap after
Heap after GC invocations=22 (full 4):
 PSYoungGen      total 423936K, used 28468K [0x00000000e0000000, 0x00000000fd880000, 0x0000000100000000)
  eden space 380416K, 0% used [0x00000000e0000000,0x00000000e0000000,0x00000000f7380000)
  from space 43520K, 65% used [0x00000000fae00000,0x00000000fc9cd268,0x00000000fd880000)
  to   space 51712K, 0% used [0x00000000f7380000,0x00000000f7380000,0x00000000fa600000)
 ParOldGen       total 172544K, used 84998K [0x00000000a0000000, 0x00000000aa880000, 0x00000000e0000000)
  object space 172544K, 49% used [0x00000000a0000000,0x00000000a5301900,0x00000000aa880000)
 Metaspace       used 87356K, capacity 90894K, committed 91136K, reserved 1128448K
  class space    used 11645K, capacity 12442K, committed 12544K, reserved 1048576K
}

