# JRE version: OpenJDK Runtime Environment (8.0_242-b01) (build 1.8.0_242-release-1644-b01)
# Java VM: OpenJDK 64-Bit Server VM (25.242-b01 mixed mode windows-amd64 compressed oops)
Heap:
 PSYoungGen      total 386048K, used 142415K [0x00000000e0000000, 0x00000000fc100000, 0x0000000100000000)
  eden space 321536K, 31% used [0x00000000e0000000,0x00000000e63901d8,0x00000000f3a00000)
  from space 64512K, 62% used [0x00000000f7a00000,0x00000000fa183d98,0x00000000fb900000)
  to   space 65536K, 0% used [0x00000000f3a00000,0x00000000f3a00000,0x00000000f7a00000)
 ParOldGen       total 175616K, used 123010K [0x00000000a0000000, 0x00000000aab80000, 0x00000000e0000000)
  object space 175616K, 70% used [0x00000000a0000000,0x00000000a7820b20,0x00000000aab80000)
 Metaspace       used 101385K, capacity 105824K, committed 106072K, reserved 1140736K
  class space    used 13171K, capacity 14051K, committed 14168K, reserved 1048576K
GC Heap History (10 events):
Event: 135.812 GC heap before
{Heap before GC invocations=28 (full 4):
 PSYoungGen      total 287744K, used 278818K [0x00000000e0000000, 0x00000000f6780000, 0x0000000100000000)
  eden space 247296K, 100% used [0x00000000e0000000,0x00000000ef180000,0x00000000ef180000)
  from space 40448K, 77% used [0x00000000ef180000,0x00000000f1048990,0x00000000f1900000)
  to   space 43520K, 0% used [0x00000000f3d00000,0x00000000f3d00000,0x00000000f6780000)
 ParOldGen       total 175616K, used 122962K [0x00000000a0000000, 0x00000000aab80000, 0x00000000e0000000)
  object space 175616K, 70% used [0x00000000a0000000,0x00000000a7814b20,0x00000000aab80000)
 Metaspace       used 83376K, capacity 86196K, committed 86488K, reserved 1124352K
  class space    used 11048K, capacity 11699K, committed 11736K, reserved 1048576K
Event: 135.885 GC heap after
Heap after GC invocations=28 (full 4):
 PSYoungGen      total 318464K, used 40573K [0x00000000e0000000, 0x00000000f7780000, 0x0000000100000000)
  eden space 274944K, 0% used [0x00000000e0000000,0x00000000e0000000,0x00000000f0c80000)
  from space 43520K, 93% used [0x00000000f3d00000,0x00000000f649f5a0,0x00000000f6780000)
  to   space 49664K, 0% used [0x00000000f0c80000,0x00000000f0c80000,0x00000000f3d00000)
 ParOldGen       total 175616K, used 122970K [0x00000000a0000000, 0x00000000aab80000, 0x00000000e0000000)
  object space 175616K, 70% used [0x00000000a0000000,0x00000000a7816b20,0x00000000aab80000)
 Metaspace       used 83376K, capacity 86196K, committed 86488K, reserved 1124352K
  class space    used 11048K, capacity 11699K, committed 11736K, reserved 1048576K
}
Event: 142.441 GC heap before
{Heap before GC invocations=29 (full 4):
 PSYoungGen      total 318464K, used 315517K [0x00000000e0000000, 0x00000000f7780000, 0x0000000100000000)
  eden space 274944K, 100% used [0x00000000e0000000,0x00000000f0c80000,0x00000000f0c80000)
  from space 43520K, 93% used [0x00000000f3d00000,0x00000000f649f5a0,0x00000000f6780000)
  to   space 49664K, 0% used [0x00000000f0c80000,0x00000000f0c80000,0x00000000f3d00000)
 ParOldGen       total 175616K, used 122970K [0x00000000a0000000, 0x00000000aab80000, 0x00000000e0000000)
  object space 175616K, 70% used [0x00000000a0000000,0x00000000a7816b20,0x00000000aab80000)
 Metaspace       used 92566K, capacity 96408K, committed 96600K, reserved 1132544K
  class space    used 12290K, capacity 13103K, committed 13144K, reserved 1048576K
Event: 142.520 GC heap after
Heap after GC invocations=29 (full 4):
 PSYoungGen      total 324608K, used 45477K [0x00000000e0000000, 0x00000000f9600000, 0x0000000100000000)
  eden space 274944K, 0% used [0x00000000e0000000,0x00000000e0000000,0x00000000f0c80000)
  from space 49664K, 91% used [0x00000000f0c80000,0x00000000f38e9668,0x00000000f3d00000)
  to   space 55808K, 0% used [0x00000000f5f80000,0x00000000f5f80000,0x00000000f9600000)
 ParOldGen       total 175616K, used 122986K [0x00000000a0000000, 0x00000000aab80000, 0x00000000e0000000)
  object space 175616K, 70% used [0x00000000a0000000,0x00000000a781ab20,0x00000000aab80000)
 Metaspace       used 92566K, capacity 96408K, committed 96600K, reserved 1132544K
  class space    used 12290K, capacity 13103K, committed 13144K, reserved 1048576K
}
Event: 147.416 GC heap before
{Heap before GC invocations=30 (full 4):
 PSYoungGen      total 324608K, used 320421K [0x00000000e0000000, 0x00000000f9600000, 0x0000000100000000)
  eden space 274944K, 100% used [0x00000000e0000000,0x00000000f0c80000,0x00000000f0c80000)
  from space 49664K, 91% used [0x00000000f0c80000,0x00000000f38e9668,0x00000000f3d00000)
  to   space 55808K, 0% used [0x00000000f5f80000,0x00000000f5f80000,0x00000000f9600000)
 ParOldGen       total 175616K, used 122986K [0x00000000a0000000, 0x00000000aab80000, 0x00000000e0000000)
  object space 175616K, 70% used [0x00000000a0000000,0x00000000a781ab20,0x00000000aab80000)
 Metaspace       used 94001K, capacity 97844K, committed 98008K, reserved 1134592K
  class space    used 12386K, capacity 13185K, committed 13272K, reserved 1048576K
Event: 147.483 GC heap after
Heap after GC invocations=30 (full 4):
 PSYoungGen      total 353792K, used 47711K [0x00000000e0000000, 0x00000000fa000000, 0x0000000100000000)
  eden space 297984K, 0% used [0x00000000e0000000,0x00000000e0000000,0x00000000f2300000)
  from space 55808K, 85% used [0x00000000f5f80000,0x00000000f8e17ec8,0x00000000f9600000)
  to   space 61952K, 0% used [0x00000000f2300000,0x00000000f2300000,0x00000000f5f80000)
 ParOldGen       total 175616K, used 122994K [0x00000000a0000000, 0x00000000aab80000, 0x00000000e0000000)
  object space 175616K, 70% used [0x00000000a0000000,0x00000000a781cb20,0x00000000aab80000)
 Metaspace       used 94001K, capacity 97844K, committed 98008K, reserved 1134592K
  class space    used 12386K, capacity 13185K, committed 13272K, reserved 1048576K
}
Event: 1063.503 GC heap before
{Heap before GC invocations=31 (full 4):
 PSYoungGen      total 353792K, used 345695K [0x00000000e0000000, 0x00000000fa000000, 0x0000000100000000)
  eden space 297984K, 100% used [0x00000000e0000000,0x00000000f2300000,0x00000000f2300000)
  from space 55808K, 85% used [0x00000000f5f80000,0x00000000f8e17ec8,0x00000000f9600000)
  to   space 61952K, 0% used [0x00000000f2300000,0x00000000f2300000,0x00000000f5f80000)
 ParOldGen       total 175616K, used 122994K [0x00000000a0000000, 0x00000000aab80000, 0x00000000e0000000)
  object space 175616K, 70% used [0x00000000a0000000,0x00000000a781cb20,0x00000000aab80000)
 Metaspace       used 101255K, capacity 105604K, committed 105816K, reserved 1140736K
  class space    used 13168K, capacity 14047K, committed 14168K, reserved 1048576K
Event: 1064.820 GC heap after
Heap after GC invocations=31 (full 4):
 PSYoungGen      total 359936K, used 42905K [0x00000000e0000000, 0x00000000fb900000, 0x0000000100000000)
  eden space 297984K, 0% used [0x00000000e0000000,0x00000000e0000000,0x00000000f2300000)
  from space 61952K, 69% used [0x00000000f2300000,0x00000000f4ce6740,0x00000000f5f80000)
  to   space 64512K, 0% used [0x00000000f7a00000,0x00000000f7a00000,0x00000000fb900000)
 ParOldGen       total 175616K, used 123002K [0x00000000a0000000, 0x00000000aab80000, 0x00000000e0000000)
  object space 175616K, 70% used [0x00000000a0000000,0x00000000a781eb20,0x00000000aab80000)
 Metaspace       used 101255K, capacity 105604K, committed 105816K, reserved 1140736K
  class space    used 13168K, capacity 14047K, committed 14168K, reserved 1048576K
}
Event: 1081.142 GC heap before
{Heap before GC invocations=32 (full 4):
 PSYoungGen      total 359936K, used 340889K [0x00000000e0000000, 0x00000000fb900000, 0x0000000100000000)
  eden space 297984K, 100% used [0x00000000e0000000,0x00000000f2300000,0x00000000f2300000)
  from space 61952K, 69% used [0x00000000f2300000,0x00000000f4ce6740,0x00000000f5f80000)
  to   space 64512K, 0% used [0x00000000f7a00000,0x00000000f7a00000,0x00000000fb900000)
 ParOldGen       total 175616K, used 123002K [0x00000000a0000000, 0x00000000aab80000, 0x00000000e0000000)
  object space 175616K, 70% used [0x00000000a0000000,0x00000000a781eb20,0x00000000aab80000)
 Metaspace       used 101342K, capacity 105672K, committed 105816K, reserved 1140736K
  class space    used 13169K, capacity 14047K, committed 14168K, reserved 1048576K
Event: 1081.806 GC heap after
Heap after GC invocations=32 (full 4):
 PSYoungGen      total 386048K, used 40463K [0x00000000e0000000, 0x00000000fc100000, 0x0000000100000000)
  eden space 321536K, 0% used [0x00000000e0000000,0x00000000e0000000,0x00000000f3a00000)
  from space 64512K, 62% used [0x00000000f7a00000,0x00000000fa183d98,0x00000000fb900000)
  to   space 65536K, 0% used [0x00000000f3a00000,0x00000000f3a00000,0x00000000f7a00000)
 ParOldGen       total 175616K, used 123010K [0x00000000a0000000, 0x00000000aab80000, 0x00000000e0000000)
  object space 175616K, 70% used [0x00000000a0000000,0x00000000a7820b20,0x00000000aab80000)
 Metaspace       used 101342K, capacity 105672K, committed 105816K, reserved 1140736K
  class space    used 13169K, capacity 14047K, committed 14168K, reserved 1048576K
}

