# JRE version: OpenJDK Runtime Environment (8.0_242-b01) (build 1.8.0_242-release-1644-b01)
# Java VM: OpenJDK 64-Bit Server VM (25.242-b01 mixed mode windows-amd64 compressed oops)
Heap:
 PSYoungGen      total 236544K, used 107298K [0x00000000e0000000, 0x00000000f3080000, 0x0000000100000000)
  eden space 195072K, 34% used [0x00000000e0000000,0x00000000e4120fa8,0x00000000ebe80000)
  from space 41472K, 97% used [0x00000000ebe80000,0x00000000ee627af8,0x00000000ee700000)
  to   space 48128K, 0% used [0x00000000f0180000,0x00000000f0180000,0x00000000f3080000)
 ParOldGen       total 194048K, used 102133K [0x00000000a0000000, 0x00000000abd80000, 0x00000000e0000000)
  object space 194048K, 52% used [0x00000000a0000000,0x00000000a63bd708,0x00000000abd80000)
 Metaspace       used 73455K, capacity 76200K, committed 76376K, reserved 1116160K
  class space    used 9820K, capacity 10495K, committed 10584K, reserved 1048576K
GC Heap History (10 events):
Event: 32.557 GC heap before
{Heap before GC invocations=21 (full 3):
 PSYoungGen      total 196608K, used 196581K [0x00000000e0000000, 0x00000000ee980000, 0x0000000100000000)
  eden space 175616K, 100% used [0x00000000e0000000,0x00000000eab80000,0x00000000eab80000)
  from space 20992K, 99% used [0x00000000eab80000,0x00000000ebff9500,0x00000000ec000000)
  to   space 25600K, 0% used [0x00000000ed080000,0x00000000ed080000,0x00000000ee980000)
 ParOldGen       total 102400K, used 48042K [0x00000000a0000000, 0x00000000a6400000, 0x00000000e0000000)
  object space 102400K, 46% used [0x00000000a0000000,0x00000000a2eea8b8,0x00000000a6400000)
 Metaspace       used 68070K, capacity 70610K, committed 70872K, reserved 1110016K
  class space    used 9237K, capacity 9862K, committed 9944K, reserved 1048576K
Event: 32.697 GC heap after
Heap after GC invocations=21 (full 3):
 PSYoungGen      total 199680K, used 25575K [0x00000000e0000000, 0x00000000f1180000, 0x0000000100000000)
  eden space 174080K, 0% used [0x00000000e0000000,0x00000000e0000000,0x00000000eaa00000)
  from space 25600K, 99% used [0x00000000ed080000,0x00000000ee979ed0,0x00000000ee980000)
  to   space 39424K, 0% used [0x00000000eaa00000,0x00000000eaa00000,0x00000000ed080000)
 ParOldGen       total 102400K, used 74396K [0x00000000a0000000, 0x00000000a6400000, 0x00000000e0000000)
  object space 102400K, 72% used [0x00000000a0000000,0x00000000a48a73f8,0x00000000a6400000)
 Metaspace       used 68070K, capacity 70610K, committed 70872K, reserved 1110016K
  class space    used 9237K, capacity 9862K, committed 9944K, reserved 1048576K
}
Event: 36.295 GC heap before
{Heap before GC invocations=22 (full 3):
 PSYoungGen      total 199680K, used 199655K [0x00000000e0000000, 0x00000000f1180000, 0x0000000100000000)
  eden space 174080K, 100% used [0x00000000e0000000,0x00000000eaa00000,0x00000000eaa00000)
  from space 25600K, 99% used [0x00000000ed080000,0x00000000ee979ed0,0x00000000ee980000)
  to   space 39424K, 0% used [0x00000000eaa00000,0x00000000eaa00000,0x00000000ed080000)
 ParOldGen       total 102400K, used 74396K [0x00000000a0000000, 0x00000000a6400000, 0x00000000e0000000)
  object space 102400K, 72% used [0x00000000a0000000,0x00000000a48a73f8,0x00000000a6400000)
 Metaspace       used 68519K, capacity 71032K, committed 71128K, reserved 1110016K
  class space    used 9250K, capacity 9895K, committed 9944K, reserved 1048576K
Event: 36.376 GC heap after
Heap after GC invocations=22 (full 3):
 PSYoungGen      total 213504K, used 23152K [0x00000000e0000000, 0x00000000f1280000, 0x0000000100000000)
  eden space 174080K, 0% used [0x00000000e0000000,0x00000000e0000000,0x00000000eaa00000)
  from space 39424K, 58% used [0x00000000eaa00000,0x00000000ec09c278,0x00000000ed080000)
  to   space 40448K, 0% used [0x00000000eeb00000,0x00000000eeb00000,0x00000000f1280000)
 ParOldGen       total 102400K, used 99914K [0x00000000a0000000, 0x00000000a6400000, 0x00000000e0000000)
  object space 102400K, 97% used [0x00000000a0000000,0x00000000a6192850,0x00000000a6400000)
 Metaspace       used 68519K, capacity 71032K, committed 71128K, reserved 1110016K
  class space    used 9250K, capacity 9895K, committed 9944K, reserved 1048576K
}
Event: 36.376 GC heap before
{Heap before GC invocations=23 (full 4):
 PSYoungGen      total 213504K, used 23152K [0x00000000e0000000, 0x00000000f1280000, 0x0000000100000000)
  eden space 174080K, 0% used [0x00000000e0000000,0x00000000e0000000,0x00000000eaa00000)
  from space 39424K, 58% used [0x00000000eaa00000,0x00000000ec09c278,0x00000000ed080000)
  to   space 40448K, 0% used [0x00000000eeb00000,0x00000000eeb00000,0x00000000f1280000)
 ParOldGen       total 102400K, used 99914K [0x00000000a0000000, 0x00000000a6400000, 0x00000000e0000000)
  object space 102400K, 97% used [0x00000000a0000000,0x00000000a6192850,0x00000000a6400000)
 Metaspace       used 68519K, capacity 71032K, committed 71128K, reserved 1110016K
  class space    used 9250K, capacity 9895K, committed 9944K, reserved 1048576K
Event: 37.543 GC heap after
Heap after GC invocations=23 (full 4):
 PSYoungGen      total 213504K, used 11684K [0x00000000e0000000, 0x00000000f1280000, 0x0000000100000000)
  eden space 174080K, 0% used [0x00000000e0000000,0x00000000e0000000,0x00000000eaa00000)
  from space 39424K, 29% used [0x00000000eaa00000,0x00000000eb569268,0x00000000ed080000)
  to   space 40448K, 0% used [0x00000000eeb00000,0x00000000eeb00000,0x00000000f1280000)
 ParOldGen       total 194048K, used 102117K [0x00000000a0000000, 0x00000000abd80000, 0x00000000e0000000)
  object space 194048K, 52% used [0x00000000a0000000,0x00000000a63b9708,0x00000000abd80000)
 Metaspace       used 68503K, capacity 70984K, committed 71128K, reserved 1110016K
  class space    used 9246K, capacity 9887K, committed 9944K, reserved 1048576K
}
Event: 47.954 GC heap before
{Heap before GC invocations=24 (full 4):
 PSYoungGen      total 213504K, used 185764K [0x00000000e0000000, 0x00000000f1280000, 0x0000000100000000)
  eden space 174080K, 100% used [0x00000000e0000000,0x00000000eaa00000,0x00000000eaa00000)
  from space 39424K, 29% used [0x00000000eaa00000,0x00000000eb569268,0x00000000ed080000)
  to   space 40448K, 0% used [0x00000000eeb00000,0x00000000eeb00000,0x00000000f1280000)
 ParOldGen       total 194048K, used 102117K [0x00000000a0000000, 0x00000000abd80000, 0x00000000e0000000)
  object space 194048K, 52% used [0x00000000a0000000,0x00000000a63b9708,0x00000000abd80000)
 Metaspace       used 69551K, capacity 72126K, committed 72280K, reserved 1112064K
  class space    used 9351K, capacity 10008K, committed 10072K, reserved 1048576K
Event: 48.078 GC heap after
Heap after GC invocations=24 (full 4):
 PSYoungGen      total 232448K, used 25210K [0x00000000e0000000, 0x00000000f0f80000, 0x0000000100000000)
  eden space 195072K, 0% used [0x00000000e0000000,0x00000000e0000000,0x00000000ebe80000)
  from space 37376K, 67% used [0x00000000eeb00000,0x00000000f039eab8,0x00000000f0f80000)
  to   space 41472K, 0% used [0x00000000ebe80000,0x00000000ebe80000,0x00000000ee700000)
 ParOldGen       total 194048K, used 102125K [0x00000000a0000000, 0x00000000abd80000, 0x00000000e0000000)
  object space 194048K, 52% used [0x00000000a0000000,0x00000000a63bb708,0x00000000abd80000)
 Metaspace       used 69551K, capacity 72126K, committed 72280K, reserved 1112064K
  class space    used 9351K, capacity 10008K, committed 10072K, reserved 1048576K
}
Event: 66.349 GC heap before
{Heap before GC invocations=25 (full 4):
 PSYoungGen      total 232448K, used 220282K [0x00000000e0000000, 0x00000000f0f80000, 0x0000000100000000)
  eden space 195072K, 100% used [0x00000000e0000000,0x00000000ebe80000,0x00000000ebe80000)
  from space 37376K, 67% used [0x00000000eeb00000,0x00000000f039eab8,0x00000000f0f80000)
  to   space 41472K, 0% used [0x00000000ebe80000,0x00000000ebe80000,0x00000000ee700000)
 ParOldGen       total 194048K, used 102125K [0x00000000a0000000, 0x00000000abd80000, 0x00000000e0000000)
  object space 194048K, 52% used [0x00000000a0000000,0x00000000a63bb708,0x00000000abd80000)
 Metaspace       used 72867K, capacity 75592K, committed 75864K, reserved 1114112K
  class space    used 9779K, capacity 10463K, committed 10584K, reserved 1048576K
Event: 66.463 GC heap after
Heap after GC invocations=25 (full 4):
 PSYoungGen      total 236544K, used 40606K [0x00000000e0000000, 0x00000000f3080000, 0x0000000100000000)
  eden space 195072K, 0% used [0x00000000e0000000,0x00000000e0000000,0x00000000ebe80000)
  from space 41472K, 97% used [0x00000000ebe80000,0x00000000ee627af8,0x00000000ee700000)
  to   space 48128K, 0% used [0x00000000f0180000,0x00000000f0180000,0x00000000f3080000)
 ParOldGen       total 194048K, used 102133K [0x00000000a0000000, 0x00000000abd80000, 0x00000000e0000000)
  object space 194048K, 52% used [0x00000000a0000000,0x00000000a63bd708,0x00000000abd80000)
 Metaspace       used 72867K, capacity 75592K, committed 75864K, reserved 1114112K
  class space    used 9779K, capacity 10463K, committed 10584K, reserved 1048576K
}

